<?xml version="1.0" encoding="UTF-8"?>
<robot generator="Robot 6.0.2 (Python 3.8.5 on win32)" generated="20230301 10:29:35.632" rpa="false" schemaversion="3">
<suite id="s1" name="Get All Links" source="C:\Users\aky\Documents\Programs\Robot\get_all_links.robot">
<test id="s1-t1" name="GetAllLinksTest" line="5">
<kw name="Open Browser" library="SeleniumLibrary">
<arg>https://www.newtours.demoaut.com</arg>
<arg>chrome</arg>
<doc>Opens a new browser instance to the optional ``url``.</doc>
<msg timestamp="20230301 10:29:35.928" level="INFO">Opening browser 'chrome' to base url 'https://www.newtours.demoaut.com'.</msg>
<status status="PASS" starttime="20230301 10:29:35.927" endtime="20230301 10:29:38.903"/>
</kw>
<kw name="Maximize Browser Window" library="SeleniumLibrary">
<doc>Maximizes current browser window.</doc>
<status status="PASS" starttime="20230301 10:29:38.904" endtime="20230301 10:29:39.295"/>
</kw>
<kw name="Get Element Count" library="SeleniumLibrary">
<var>${AllLinksCount}</var>
<arg>xpath://a</arg>
<doc>Returns the number of elements matching ``locator``.</doc>
<msg timestamp="20230301 10:29:39.326" level="INFO">${AllLinksCount} = 5</msg>
<status status="PASS" starttime="20230301 10:29:39.296" endtime="20230301 10:29:39.326"/>
</kw>
<kw name="Log To Console" library="BuiltIn">
<arg>${AllLinksCount}</arg>
<doc>Logs the given message to the console.</doc>
<status status="PASS" starttime="20230301 10:29:39.330" endtime="20230301 10:29:39.333"/>
</kw>
<status status="PASS" starttime="20230301 10:29:35.926" endtime="20230301 10:29:39.335"/>
</test>
<status status="PASS" starttime="20230301 10:29:35.633" endtime="20230301 10:29:39.337"/>
</suite>
<statistics>
<total>
<stat pass="1" fail="0" skip="0">All Tests</stat>
</total>
<tag>
</tag>
<suite>
<stat pass="1" fail="0" skip="0" id="s1" name="Get All Links">Get All Links</stat>
</suite>
</statistics>
<errors>
</errors>
</robot>
